Starting

> Aymeric@3.0.1 start /home/nodejs/Aymeric
> node server.js

{ id: '385943980053102592', rep: 100, nick: 'Creator' }
{ id: '435928032663044106', rep: 90, nick: null }
{ id: '501568414792548364', rep: 100, nick: 'Estinien' }
{ id: '470767855718236171', rep: 0, nick: 'Zenos' }
{ id: '189090845666967552', rep: 100, nick: 'crime man' }
{ id: '268142002313494530', rep: 100, nick: 'Eden Azalea' }
{ id: '406192464991354882', rep: 100, nick: 'Jack' }
{ id: '278344843783307267', rep: 100, nick: 'baby slut' }
{ id: '395718338648473600', rep: 100, nick: 'Gremlin' }
{ id: '278256880508207114', rep: 100, nick: 'Z' }
{ id: '397861351839760384', rep: 75, nick: 'Bitch' }
{ id: '424663703229562880', rep: 60, nick: 'My Lady' }
{ id: '456182021287444481', rep: 50, nick: 'partner-' }
{ id: '265557774958723083', rep: 35, nick: null }
{ id: '234324714749820929', rep: 50, nick: null }
{ id: '137952804290428928', rep: 50, nick: null }
{ id: '471865418659659796', rep: 80, nick: null }
{ id: '552582939108704256', rep: 100, nick: 'Haurchefant' }
{ id: '518967769585418250', rep: 50, nick: null }
{ id: '577650829281198097', rep: 0, nick: 'Father' }
{ id: '275123587625517057', rep: 85, nick: null }
{ id: '366184400112582656', rep: 100, nick: 'Burgie' }
{ id: '529417427822575637', rep: 50, nick: null }
2020-12-31T18:19:37.072Z
Morning greeting at 6:49 UTC
Your app is listening on port 35383
Logged in as Aymeric#6914!
User found at 0
Starting

> Aymeric@3.0.1 start /home/nodejs/Aymeric
> node server.js

{ id: '385943980053102592', rep: 100, nick: 'Creator' }
{ id: '435928032663044106', rep: 90, nick: null }
{ id: '501568414792548364', rep: 100, nick: 'Estinien' }
{ id: '470767855718236171', rep: 0, nick: 'Zenos' }
{ id: '189090845666967552', rep: 100, nick: 'crime man' }
{ id: '268142002313494530', rep: 100, nick: 'Eden Azalea' }
{ id: '406192464991354882', rep: 100, nick: 'Jack' }
{ id: '278344843783307267', rep: 100, nick: 'baby slut' }
{ id: '395718338648473600', rep: 100, nick: 'Gremlin' }
{ id: '278256880508207114', rep: 100, nick: 'Z' }
{ id: '397861351839760384', rep: 75, nick: 'Bitch' }
{ id: '424663703229562880', rep: 60, nick: 'My Lady' }
{ id: '456182021287444481', rep: 50, nick: 'partner-' }
{ id: '265557774958723083', rep: 35, nick: null }
{ id: '234324714749820929', rep: 50, nick: null }
{ id: '137952804290428928', rep: 50, nick: null }
{ id: '471865418659659796', rep: 80, nick: null }
{ id: '552582939108704256', rep: 100, nick: 'Haurchefant' }
{ id: '518967769585418250', rep: 50, nick: null }
{ id: '577650829281198097', rep: 0, nick: 'Father' }
{ id: '275123587625517057', rep: 85, nick: null }
{ id: '366184400112582656', rep: 100, nick: 'Burgie' }
{ id: '529417427822575637', rep: 50, nick: null }
2020-12-31T18:22:04.452Z
Morning greeting at 7:7 UTC
Your app is listening on port 40605
Logged in as Aymeric#6914!
User found at 0
User found at 0
